<?xml version="1.0" encoding="UTF-8"?>
<testsuite xmlns:xsi="http://www.w3.org/2001/XMLSchema-instance" xsi:noNamespaceSchemaLocation="https://maven.apache.org/surefire/maven-surefire-plugin/xsd/surefire-test-report-3.0.xsd" version="3.0" name="com.dromozoa.utf8.ApplicationTest" time="0.06" tests="3" errors="0" skipped="0" failures="0">
  <properties>
[...]
</properties>
  <testcase name="testWhiteSpace" classname="com.dromozoa.utf8.ApplicationTest" time="0.038">
    <system-out><![CDATA[8192	8202	true
8203	8231	false
8232	8233	true
8234	8238	false
8239	8239	true
8240	8286	false
8287	8287	true
8288	8447	false
]]></system-out>
  </testcase>
  <testcase name="testEastAsianWidth" classname="com.dromozoa.utf8.ApplicationTest" time="0.002">
    <system-out><![CDATA[12288	12288	F
12289	12350	W
12351	12352	N
12353	12438	W
12439	12440	N
12441	12543	W
]]></system-out>
  </testcase>
  <testcase name="testGeneralCategory" classname="com.dromozoa.utf8.ApplicationTest" time="0.002">
    <system-out><![CDATA[8192	8202	Zs
8203	8207	Cf
]]></system-out>
  </testcase>
</testsuite>